0:0:0:0:0:0:0:1 - - [19/Apr/2017:00:19:54 -0700] "POST /share HTTP/1.1" 200 1198511 410(ms)
0:0:0:0:0:0:0:1 - - [19/Apr/2017:00:20:52 -0700] "GET /image/1 HTTP/1.1" 404 122 19(ms)
0:0:0:0:0:0:0:1 - - [19/Apr/2017:00:21:37 -0700] "GET /home.html HTTP/1.1" 406 331 81(ms)
0:0:0:0:0:0:0:1 - - [19/Apr/2017:00:21:39 -0700] "GET /home.html HTTP/1.1" 406 331 14(ms)
0:0:0:0:0:0:0:1 - - [19/Apr/2017:00:21:41 -0700] "GET /home.html HTTP/1.1" 406 331 10(ms)
0:0:0:0:0:0:0:1 - - [19/Apr/2017:00:21:43 -0700] "GET /home.html HTTP/1.1" 406 331 10(ms)
0:0:0:0:0:0:0:1 - - [19/Apr/2017:00:21:44 -0700] "GET /home.html HTTP/1.1" 406 331 8(ms)
0:0:0:0:0:0:0:1 - - [19/Apr/2017:00:21:56 -0700] "GET /home.html HTTP/1.1" 406 331 11(ms)
0:0:0:0:0:0:0:1 - - [19/Apr/2017:00:22:06 -0700] "GET /home.html HTTP/1.1" 406 331 79(ms)
0:0:0:0:0:0:0:1 - - [19/Apr/2017:00:22:14 -0700] "GET /home.html HTTP/1.1" 406 331 11(ms)
0:0:0:0:0:0:0:1 - - [19/Apr/2017:00:22:14 -0700] "GET /favicon.ico HTTP/1.1" 200 946 14(ms)
0:0:0:0:0:0:0:1 - - [19/Apr/2017:00:23:51 -0700] "GET /home.html HTTP/1.1" 200 2331 59(ms)
0:0:0:0:0:0:0:1 - - [19/Apr/2017:00:23:51 -0700] "GET /css/bootstrap.css HTTP/1.1" 200 154547 10(ms)
0:0:0:0:0:0:0:1 - - [19/Apr/2017:00:23:51 -0700] "GET /js/bootstrap.js HTTP/1.1" 200 76511 10(ms)
0:0:0:0:0:0:0:1 - - [19/Apr/2017:00:23:51 -0700] "GET /js/jquery-3.2.0.js HTTP/1.1" 200 377070 10(ms)
0:0:0:0:0:0:0:1 - - [19/Apr/2017:00:23:51 -0700] "GET /css/custom.css HTTP/1.1" 200 1283 10(ms)
0:0:0:0:0:0:0:1 - - [19/Apr/2017:00:23:51 -0700] "GET /js/custom.js HTTP/1.1" 200 1930 12(ms)
0:0:0:0:0:0:0:1 - - [19/Apr/2017:00:23:51 -0700] "GET /css/bootstrap.css.map HTTP/1.1" 404 136 47(ms)
0:0:0:0:0:0:0:1 - - [19/Apr/2017:00:33:25 -0700] "POST /share HTTP/1.1" 200 298975 268(ms)
0:0:0:0:0:0:0:1 - - [19/Apr/2017:00:33:57 -0700] "GET /users HTTP/1.1" 200 897073 39(ms)
0:0:0:0:0:0:0:1 - - [19/Apr/2017:00:34:16 -0700] "GET /image/1 HTTP/1.1" 404 306 20(ms)
0:0:0:0:0:0:0:1 - - [19/Apr/2017:00:34:34 -0700] "GET /image HTTP/1.1" 500 333 20(ms)
0:0:0:0:0:0:0:1 - - [19/Apr/2017:00:34:51 -0700] "GET /image/1 HTTP/1.1" 404 306 8(ms)
0:0:0:0:0:0:0:1 - - [19/Apr/2017:00:35:16 -0700] "GET /image/1 HTTP/1.1" 404 306 84(ms)
0:0:0:0:0:0:0:1 - - [19/Apr/2017:00:35:17 -0700] "GET /favicon.ico HTTP/1.1" 200 946 11(ms)
0:0:0:0:0:0:0:1 - - [19/Apr/2017:00:35:20 -0700] "GET /image/1 HTTP/1.1" 404 306 11(ms)
0:0:0:0:0:0:0:1 - - [19/Apr/2017:00:35:20 -0700] "GET /favicon.ico HTTP/1.1" 200 946 3(ms)
0:0:0:0:0:0:0:1 - - [19/Apr/2017:00:36:40 -0700] "GET /image/1 HTTP/1.1" 404 306 78(ms)
0:0:0:0:0:0:0:1 - - [19/Apr/2017:00:36:40 -0700] "GET /favicon.ico HTTP/1.1" 200 946 11(ms)
0:0:0:0:0:0:0:1 - - [19/Apr/2017:00:36:41 -0700] "GET /image/1 HTTP/1.1" 404 306 12(ms)
0:0:0:0:0:0:0:1 - - [19/Apr/2017:00:36:41 -0700] "GET /favicon.ico HTTP/1.1" 200 946 3(ms)
0:0:0:0:0:0:0:1 - - [19/Apr/2017:00:37:10 -0700] "GET /image/1 HTTP/1.1" 404 306 11(ms)
0:0:0:0:0:0:0:1 - - [19/Apr/2017:00:38:01 -0700] "GET /image/1 HTTP/1.1" 500 315 159(ms)
0:0:0:0:0:0:0:1 - - [19/Apr/2017:00:38:13 -0700] "GET /home.html HTTP/1.1" 200 2331 10(ms)
0:0:0:0:0:0:0:1 - - [19/Apr/2017:00:38:13 -0700] "GET /css/bootstrap.css HTTP/1.1" 200 154547 6(ms)
0:0:0:0:0:0:0:1 - - [19/Apr/2017:00:38:13 -0700] "GET /css/custom.css HTTP/1.1" 200 1283 5(ms)
0:0:0:0:0:0:0:1 - - [19/Apr/2017:00:38:14 -0700] "GET /css/bootstrap.css.map HTTP/1.1" 404 136 36(ms)
0:0:0:0:0:0:0:1 - - [19/Apr/2017:00:38:16 -0700] "POST /share HTTP/1.1" 200 298975 110(ms)
0:0:0:0:0:0:0:1 - - [19/Apr/2017:00:38:20 -0700] "GET /image/1 HTTP/1.1" 200 223939 49(ms)
0:0:0:0:0:0:0:1 - - [19/Apr/2017:00:43:28 -0700] "GET /image/1.jpeg HTTP/1.1" 500 315 166(ms)
0:0:0:0:0:0:0:1 - - [19/Apr/2017:00:43:42 -0700] "GET /home.html HTTP/1.1" 200 2331 11(ms)
0:0:0:0:0:0:0:1 - - [19/Apr/2017:00:43:42 -0700] "GET /css/custom.css HTTP/1.1" 200 1283 5(ms)
0:0:0:0:0:0:0:1 - - [19/Apr/2017:00:43:42 -0700] "GET /css/bootstrap.css HTTP/1.1" 200 154547 7(ms)
0:0:0:0:0:0:0:1 - - [19/Apr/2017:00:43:43 -0700] "GET /css/bootstrap.css.map HTTP/1.1" 404 136 54(ms)
0:0:0:0:0:0:0:1 - - [19/Apr/2017:00:43:53 -0700] "POST /share HTTP/1.1" 200 639500 124(ms)
0:0:0:0:0:0:0:1 - - [19/Apr/2017:00:44:01 -0700] "GET /image/1.jpeg HTTP/1.1" 200 223939 45(ms)
0:0:0:0:0:0:0:1 - - [19/Apr/2017:00:44:43 -0700] "GET /home.html HTTP/1.1" 200 2331 4(ms)
0:0:0:0:0:0:0:1 - - [19/Apr/2017:00:44:43 -0700] "GET /css/bootstrap.css HTTP/1.1" 200 154547 6(ms)
0:0:0:0:0:0:0:1 - - [19/Apr/2017:00:44:43 -0700] "GET /css/custom.css HTTP/1.1" 200 1283 4(ms)
0:0:0:0:0:0:0:1 - - [19/Apr/2017:00:44:43 -0700] "GET /css/bootstrap.css.map HTTP/1.1" 404 136 5(ms)
0:0:0:0:0:0:0:1 - - [19/Apr/2017:00:44:43 -0700] "GET /favicon.ico HTTP/1.1" 200 946 5(ms)
0:0:0:0:0:0:0:1 - - [19/Apr/2017:00:44:44 -0700] "GET /home.html HTTP/1.1" 200 2331 3(ms)
0:0:0:0:0:0:0:1 - - [19/Apr/2017:00:44:44 -0700] "GET /css/bootstrap.css HTTP/1.1" 200 154547 5(ms)
0:0:0:0:0:0:0:1 - - [19/Apr/2017:00:44:44 -0700] "GET /js/custom.js HTTP/1.1" 200 1930 3(ms)
0:0:0:0:0:0:0:1 - - [19/Apr/2017:00:44:44 -0700] "GET /css/custom.css HTTP/1.1" 200 1283 5(ms)
0:0:0:0:0:0:0:1 - - [19/Apr/2017:00:44:44 -0700] "GET /js/bootstrap.js HTTP/1.1" 200 76511 6(ms)
0:0:0:0:0:0:0:1 - - [19/Apr/2017:00:44:44 -0700] "GET /js/jquery-3.2.0.js HTTP/1.1" 200 377070 6(ms)
0:0:0:0:0:0:0:1 - - [19/Apr/2017:00:44:44 -0700] "GET /css/bootstrap.css.map HTTP/1.1" 404 136 4(ms)
0:0:0:0:0:0:0:1 - - [19/Apr/2017:00:44:53 -0700] "GET /home.html HTTP/1.1" 200 2331 3(ms)
0:0:0:0:0:0:0:1 - - [19/Apr/2017:00:44:53 -0700] "GET /css/custom.css HTTP/1.1" 200 1283 3(ms)
0:0:0:0:0:0:0:1 - - [19/Apr/2017:00:44:53 -0700] "GET /css/bootstrap.css HTTP/1.1" 200 154547 5(ms)
0:0:0:0:0:0:0:1 - - [19/Apr/2017:00:44:53 -0700] "GET /js/custom.js HTTP/1.1" 200 1930 4(ms)
0:0:0:0:0:0:0:1 - - [19/Apr/2017:00:44:53 -0700] "GET /js/bootstrap.js HTTP/1.1" 200 76511 4(ms)
0:0:0:0:0:0:0:1 - - [19/Apr/2017:00:44:53 -0700] "GET /js/jquery-3.2.0.js HTTP/1.1" 200 377070 7(ms)
0:0:0:0:0:0:0:1 - - [19/Apr/2017:00:44:54 -0700] "GET /css/bootstrap.css.map HTTP/1.1" 404 136 4(ms)
0:0:0:0:0:0:0:1 - - [19/Apr/2017:00:44:55 -0700] "GET /home.html HTTP/1.1" 200 2331 2(ms)
0:0:0:0:0:0:0:1 - - [19/Apr/2017:00:44:55 -0700] "GET /css/bootstrap.css HTTP/1.1" 200 154547 4(ms)
0:0:0:0:0:0:0:1 - - [19/Apr/2017:00:44:55 -0700] "GET /css/custom.css HTTP/1.1" 200 1283 3(ms)
0:0:0:0:0:0:0:1 - - [19/Apr/2017:00:44:55 -0700] "GET /js/bootstrap.js HTTP/1.1" 200 76511 3(ms)
0:0:0:0:0:0:0:1 - - [19/Apr/2017:00:44:55 -0700] "GET /js/custom.js HTTP/1.1" 200 1930 3(ms)
0:0:0:0:0:0:0:1 - - [19/Apr/2017:00:44:55 -0700] "GET /js/jquery-3.2.0.js HTTP/1.1" 200 377070 6(ms)
0:0:0:0:0:0:0:1 - - [19/Apr/2017:00:44:55 -0700] "GET /css/bootstrap.css.map HTTP/1.1" 404 136 3(ms)
0:0:0:0:0:0:0:1 - - [19/Apr/2017:00:45:00 -0700] "GET /home.html HTTP/1.1" 200 2331 3(ms)
0:0:0:0:0:0:0:1 - - [19/Apr/2017:00:45:00 -0700] "GET /css/bootstrap.css HTTP/1.1" 200 154547 4(ms)
0:0:0:0:0:0:0:1 - - [19/Apr/2017:00:45:00 -0700] "GET /css/custom.css HTTP/1.1" 200 1283 3(ms)
0:0:0:0:0:0:0:1 - - [19/Apr/2017:00:45:00 -0700] "GET /js/custom.js HTTP/1.1" 200 1930 2(ms)
0:0:0:0:0:0:0:1 - - [19/Apr/2017:00:45:00 -0700] "GET /js/bootstrap.js HTTP/1.1" 200 76511 2(ms)
0:0:0:0:0:0:0:1 - - [19/Apr/2017:00:45:00 -0700] "GET /js/jquery-3.2.0.js HTTP/1.1" 200 377070 5(ms)
0:0:0:0:0:0:0:1 - - [19/Apr/2017:00:45:00 -0700] "GET /css/bootstrap.css.map HTTP/1.1" 404 136 4(ms)
0:0:0:0:0:0:0:1 - - [19/Apr/2017:00:45:01 -0700] "GET /home.html HTTP/1.1" 200 2331 2(ms)
0:0:0:0:0:0:0:1 - - [19/Apr/2017:00:45:01 -0700] "GET /css/custom.css HTTP/1.1" 200 1283 2(ms)
0:0:0:0:0:0:0:1 - - [19/Apr/2017:00:45:01 -0700] "GET /js/custom.js HTTP/1.1" 200 1930 2(ms)
0:0:0:0:0:0:0:1 - - [19/Apr/2017:00:45:01 -0700] "GET /css/bootstrap.css HTTP/1.1" 200 154547 4(ms)
0:0:0:0:0:0:0:1 - - [19/Apr/2017:00:45:01 -0700] "GET /js/bootstrap.js HTTP/1.1" 200 76511 2(ms)
0:0:0:0:0:0:0:1 - - [19/Apr/2017:00:45:01 -0700] "GET /js/jquery-3.2.0.js HTTP/1.1" 200 377070 4(ms)
0:0:0:0:0:0:0:1 - - [19/Apr/2017:00:45:01 -0700] "GET /css/bootstrap.css.map HTTP/1.1" 404 136 3(ms)
0:0:0:0:0:0:0:1 - - [19/Apr/2017:00:45:01 -0700] "GET /home.html HTTP/1.1" 200 2331 2(ms)
0:0:0:0:0:0:0:1 - - [19/Apr/2017:00:45:01 -0700] "GET /css/bootstrap.css HTTP/1.1" 200 154547 3(ms)
0:0:0:0:0:0:0:1 - - [19/Apr/2017:00:45:01 -0700] "GET /css/custom.css HTTP/1.1" 200 1283 3(ms)
0:0:0:0:0:0:0:1 - - [19/Apr/2017:00:45:01 -0700] "GET /js/custom.js HTTP/1.1" 200 1930 2(ms)
0:0:0:0:0:0:0:1 - - [19/Apr/2017:00:45:01 -0700] "GET /js/bootstrap.js HTTP/1.1" 200 76511 3(ms)
0:0:0:0:0:0:0:1 - - [19/Apr/2017:00:45:01 -0700] "GET /js/jquery-3.2.0.js HTTP/1.1" 200 377070 3(ms)
0:0:0:0:0:0:0:1 - - [19/Apr/2017:00:45:01 -0700] "GET /css/bootstrap.css.map HTTP/1.1" 404 136 3(ms)
0:0:0:0:0:0:0:1 - - [19/Apr/2017:00:45:40 -0700] "GET /home.html HTTP/1.1" 200 2331 3(ms)
0:0:0:0:0:0:0:1 - - [19/Apr/2017:00:45:40 -0700] "GET /css/bootstrap.css HTTP/1.1" 200 154547 3(ms)
0:0:0:0:0:0:0:1 - - [19/Apr/2017:00:45:40 -0700] "GET /css/custom.css HTTP/1.1" 200 1283 2(ms)
0:0:0:0:0:0:0:1 - - [19/Apr/2017:00:45:40 -0700] "GET /js/custom.js HTTP/1.1" 200 1930 2(ms)
0:0:0:0:0:0:0:1 - - [19/Apr/2017:00:45:40 -0700] "GET /js/bootstrap.js HTTP/1.1" 200 76511 3(ms)
0:0:0:0:0:0:0:1 - - [19/Apr/2017:00:45:40 -0700] "GET /js/jquery-3.2.0.js HTTP/1.1" 200 377070 4(ms)
0:0:0:0:0:0:0:1 - - [19/Apr/2017:00:45:40 -0700] "GET /css/bootstrap.css.map HTTP/1.1" 404 136 3(ms)
0:0:0:0:0:0:0:1 - - [19/Apr/2017:00:45:41 -0700] "GET /home.html HTTP/1.1" 200 2331 2(ms)
0:0:0:0:0:0:0:1 - - [19/Apr/2017:00:45:41 -0700] "GET /css/bootstrap.css HTTP/1.1" 200 154547 3(ms)
0:0:0:0:0:0:0:1 - - [19/Apr/2017:00:45:41 -0700] "GET /css/custom.css HTTP/1.1" 200 1283 2(ms)
0:0:0:0:0:0:0:1 - - [19/Apr/2017:00:45:41 -0700] "GET /js/custom.js HTTP/1.1" 200 1930 2(ms)
0:0:0:0:0:0:0:1 - - [19/Apr/2017:00:45:41 -0700] "GET /js/bootstrap.js HTTP/1.1" 200 76511 2(ms)
0:0:0:0:0:0:0:1 - - [19/Apr/2017:00:45:41 -0700] "GET /js/jquery-3.2.0.js HTTP/1.1" 200 377070 3(ms)
0:0:0:0:0:0:0:1 - - [19/Apr/2017:00:45:41 -0700] "GET /css/bootstrap.css.map HTTP/1.1" 404 136 3(ms)
0:0:0:0:0:0:0:1 - - [19/Apr/2017:00:45:41 -0700] "GET /home.html HTTP/1.1" 200 2331 1(ms)
0:0:0:0:0:0:0:1 - - [19/Apr/2017:00:45:41 -0700] "GET /css/bootstrap.css HTTP/1.1" 200 154547 3(ms)
0:0:0:0:0:0:0:1 - - [19/Apr/2017:00:45:41 -0700] "GET /css/custom.css HTTP/1.1" 200 1283 2(ms)
0:0:0:0:0:0:0:1 - - [19/Apr/2017:00:45:41 -0700] "GET /js/bootstrap.js HTTP/1.1" 200 76511 2(ms)
0:0:0:0:0:0:0:1 - - [19/Apr/2017:00:45:41 -0700] "GET /js/custom.js HTTP/1.1" 200 1930 2(ms)
0:0:0:0:0:0:0:1 - - [19/Apr/2017:00:45:41 -0700] "GET /js/jquery-3.2.0.js HTTP/1.1" 200 377070 3(ms)
0:0:0:0:0:0:0:1 - - [19/Apr/2017:00:45:41 -0700] "GET /css/bootstrap.css.map HTTP/1.1" 404 136 3(ms)
0:0:0:0:0:0:0:1 - - [19/Apr/2017:00:46:23 -0700] "GET /home.html HTTP/1.1" 200 2331 59(ms)
0:0:0:0:0:0:0:1 - - [19/Apr/2017:00:46:23 -0700] "GET /css/bootstrap.css HTTP/1.1" 200 154547 11(ms)
0:0:0:0:0:0:0:1 - - [19/Apr/2017:00:46:23 -0700] "GET /js/custom.js HTTP/1.1" 200 1930 8(ms)
0:0:0:0:0:0:0:1 - - [19/Apr/2017:00:46:23 -0700] "GET /js/bootstrap.js HTTP/1.1" 200 76511 10(ms)
0:0:0:0:0:0:0:1 - - [19/Apr/2017:00:46:23 -0700] "GET /js/jquery-3.2.0.js HTTP/1.1" 200 377070 10(ms)
0:0:0:0:0:0:0:1 - - [19/Apr/2017:00:46:23 -0700] "GET /css/custom.css HTTP/1.1" 200 1283 10(ms)
0:0:0:0:0:0:0:1 - - [19/Apr/2017:00:46:23 -0700] "GET /css/bootstrap.css.map HTTP/1.1" 404 136 45(ms)
0:0:0:0:0:0:0:1 - - [19/Apr/2017:00:46:44 -0700] "GET /home.html HTTP/1.1" 200 2331 4(ms)
0:0:0:0:0:0:0:1 - - [19/Apr/2017:00:46:44 -0700] "GET /css/bootstrap.css HTTP/1.1" 200 154547 6(ms)
0:0:0:0:0:0:0:1 - - [19/Apr/2017:00:46:44 -0700] "GET /css/custom.css HTTP/1.1" 200 1283 4(ms)
0:0:0:0:0:0:0:1 - - [19/Apr/2017:00:46:44 -0700] "GET /js/custom.js HTTP/1.1" 200 1930 5(ms)
0:0:0:0:0:0:0:1 - - [19/Apr/2017:00:46:44 -0700] "GET /js/bootstrap.js HTTP/1.1" 200 76511 5(ms)
0:0:0:0:0:0:0:1 - - [19/Apr/2017:00:46:44 -0700] "GET /js/jquery-3.2.0.js HTTP/1.1" 200 377070 9(ms)
0:0:0:0:0:0:0:1 - - [19/Apr/2017:00:46:44 -0700] "GET /css/bootstrap.css.map HTTP/1.1" 404 136 6(ms)
0:0:0:0:0:0:0:1 - - [19/Apr/2017:00:46:48 -0700] "GET /home.html HTTP/1.1" 200 2358 4(ms)
0:0:0:0:0:0:0:1 - - [19/Apr/2017:00:46:48 -0700] "GET /css/bootstrap.css HTTP/1.1" 200 154547 5(ms)
0:0:0:0:0:0:0:1 - - [19/Apr/2017:00:46:48 -0700] "GET /css/custom.css HTTP/1.1" 200 1283 3(ms)
0:0:0:0:0:0:0:1 - - [19/Apr/2017:00:46:48 -0700] "GET /js/jquery-3.2.0.js HTTP/1.1" 200 377070 6(ms)
0:0:0:0:0:0:0:1 - - [19/Apr/2017:00:46:48 -0700] "GET /js/bootstrap.js HTTP/1.1" 200 76511 4(ms)
0:0:0:0:0:0:0:1 - - [19/Apr/2017:00:46:48 -0700] "GET /js/custom.js HTTP/1.1" 200 1930 3(ms)
0:0:0:0:0:0:0:1 - - [19/Apr/2017:00:46:48 -0700] "GET /image/1.jpeg HTTP/1.1" 500 186 136(ms)
0:0:0:0:0:0:0:1 - - [19/Apr/2017:00:46:48 -0700] "GET /css/bootstrap.css.map HTTP/1.1" 404 136 6(ms)
0:0:0:0:0:0:0:1 - - [19/Apr/2017:00:47:02 -0700] "POST /share HTTP/1.1" 200 639500 123(ms)
0:0:0:0:0:0:0:1 - - [19/Apr/2017:00:47:08 -0700] "GET /home.html HTTP/1.1" 200 2358 2(ms)
0:0:0:0:0:0:0:1 - - [19/Apr/2017:00:47:08 -0700] "GET /css/bootstrap.css HTTP/1.1" 200 154547 4(ms)
0:0:0:0:0:0:0:1 - - [19/Apr/2017:00:47:08 -0700] "GET /css/custom.css HTTP/1.1" 200 1283 3(ms)
0:0:0:0:0:0:0:1 - - [19/Apr/2017:00:47:08 -0700] "GET /image/1.jpeg HTTP/1.1" 200 223939 48(ms)
0:0:0:0:0:0:0:1 - - [19/Apr/2017:00:47:08 -0700] "GET /css/bootstrap.css.map HTTP/1.1" 404 136 5(ms)
0:0:0:0:0:0:0:1 - - [19/Apr/2017:15:21:38 -0700] "GET /image HTTP/1.1" 200 394 253(ms)
0:0:0:0:0:0:0:1 - - [19/Apr/2017:15:21:52 -0700] "GET /image/search HTTP/1.1" 200 199 13(ms)
0:0:0:0:0:0:0:1 - - [19/Apr/2017:15:21:57 -0700] "GET /image/search/findAllById HTTP/1.1" 500 186 20(ms)
0:0:0:0:0:0:0:1 - - [19/Apr/2017:15:22:02 -0700] "GET /image/search HTTP/1.1" 200 199 6(ms)
0:0:0:0:0:0:0:1 - - [19/Apr/2017:15:24:07 -0700] "GET /image HTTP/1.1" 200 394 9(ms)
0:0:0:0:0:0:0:1 - - [19/Apr/2017:19:44:12 -0700] "GET / HTTP/1.1" 404 306 80(ms)
0:0:0:0:0:0:0:1 - - [19/Apr/2017:19:44:15 -0700] "GET /home.html HTTP/1.1" 200 2358 8(ms)
0:0:0:0:0:0:0:1 - - [19/Apr/2017:19:44:15 -0700] "GET /css/bootstrap.css HTTP/1.1" 200 154547 5(ms)
0:0:0:0:0:0:0:1 - - [19/Apr/2017:19:44:15 -0700] "GET /css/custom.css HTTP/1.1" 200 1283 4(ms)
0:0:0:0:0:0:0:1 - - [19/Apr/2017:19:44:15 -0700] "GET /js/bootstrap.js HTTP/1.1" 200 76511 4(ms)
0:0:0:0:0:0:0:1 - - [19/Apr/2017:19:44:15 -0700] "GET /js/custom.js HTTP/1.1" 200 1930 5(ms)
0:0:0:0:0:0:0:1 - - [19/Apr/2017:19:44:15 -0700] "GET /js/jquery-3.2.0.js HTTP/1.1" 200 377070 6(ms)
0:0:0:0:0:0:0:1 - - [19/Apr/2017:19:44:15 -0700] "GET /image/1.jpeg HTTP/1.1" 500 186 117(ms)
0:0:0:0:0:0:0:1 - - [19/Apr/2017:19:45:56 -0700] "POST /share HTTP/1.1" 500 549 173(ms)
0:0:0:0:0:0:0:1 - - [19/Apr/2017:19:46:20 -0700] "GET /home.html HTTP/1.1" 200 2358 59(ms)
0:0:0:0:0:0:0:1 - - [19/Apr/2017:19:46:20 -0700] "GET /css/bootstrap.css HTTP/1.1" 200 154547 9(ms)
0:0:0:0:0:0:0:1 - - [19/Apr/2017:19:46:20 -0700] "GET /css/custom.css HTTP/1.1" 200 1283 7(ms)
0:0:0:0:0:0:0:1 - - [19/Apr/2017:19:46:21 -0700] "GET /image/1.jpeg HTTP/1.1" 500 186 126(ms)
0:0:0:0:0:0:0:1 - - [19/Apr/2017:19:48:03 -0700] "POST /share HTTP/1.1" 500 420 4573(ms)
0:0:0:0:0:0:0:1 - - [19/Apr/2017:19:49:06 -0700] "GET /home.html HTTP/1.1" 200 2358 62(ms)
0:0:0:0:0:0:0:1 - - [19/Apr/2017:19:49:06 -0700] "GET /css/custom.css HTTP/1.1" 200 1283 8(ms)
0:0:0:0:0:0:0:1 - - [19/Apr/2017:19:49:06 -0700] "GET /css/bootstrap.css HTTP/1.1" 200 154547 9(ms)
0:0:0:0:0:0:0:1 - - [19/Apr/2017:19:49:06 -0700] "GET /image/1.jpeg HTTP/1.1" 500 186 133(ms)
0:0:0:0:0:0:0:1 - - [19/Apr/2017:19:49:14 -0700] "POST /share HTTP/1.1" 500 420 4187(ms)
0:0:0:0:0:0:0:1 - - [19/Apr/2017:20:29:41 -0700] "GET /home.html HTTP/1.1" 200 2358 63(ms)
0:0:0:0:0:0:0:1 - - [19/Apr/2017:20:29:41 -0700] "GET /css/custom.css HTTP/1.1" 200 1283 7(ms)
0:0:0:0:0:0:0:1 - - [19/Apr/2017:20:29:41 -0700] "GET /css/bootstrap.css HTTP/1.1" 200 154547 9(ms)
0:0:0:0:0:0:0:1 - - [19/Apr/2017:20:29:42 -0700] "GET /image/1.jpeg HTTP/1.1" 500 186 159(ms)
0:0:0:0:0:0:0:1 - - [19/Apr/2017:20:29:56 -0700] "POST /share HTTP/1.1" 500 420 4648(ms)
