0:0:0:0:0:0:0:1 - - [16/Apr/2017:17:11:43 -0700] "GET /login.html?error HTTP/1.1" 200 1923 68(ms)
0:0:0:0:0:0:0:1 - - [16/Apr/2017:17:11:43 -0700] "GET /css/bootstrap.css HTTP/1.1" 200 154547 9(ms)
0:0:0:0:0:0:0:1 - - [16/Apr/2017:17:11:43 -0700] "GET /css/custom.css HTTP/1.1" 200 1205 6(ms)
0:0:0:0:0:0:0:1 - - [16/Apr/2017:17:11:43 -0700] "GET /js/custom.js HTTP/1.1" 200 1892 6(ms)
0:0:0:0:0:0:0:1 - - [16/Apr/2017:17:11:43 -0700] "GET /js/bootstrap.js HTTP/1.1" 200 76511 8(ms)
0:0:0:0:0:0:0:1 - - [16/Apr/2017:17:11:43 -0700] "GET /js/jquery-3.2.0.js HTTP/1.1" 200 377070 10(ms)
0:0:0:0:0:0:0:1 - - [16/Apr/2017:17:11:46 -0700] "GET /login.html?error HTTP/1.1" 200 1923 5(ms)
0:0:0:0:0:0:0:1 - - [16/Apr/2017:17:11:46 -0700] "GET /css/bootstrap.css HTTP/1.1" 200 154547 8(ms)
0:0:0:0:0:0:0:1 - - [16/Apr/2017:17:11:46 -0700] "GET /js/custom.js HTTP/1.1" 200 1892 5(ms)
0:0:0:0:0:0:0:1 - - [16/Apr/2017:17:11:46 -0700] "GET /css/custom.css HTTP/1.1" 200 1205 8(ms)
0:0:0:0:0:0:0:1 - - [16/Apr/2017:17:11:46 -0700] "GET /js/bootstrap.js HTTP/1.1" 200 76511 9(ms)
0:0:0:0:0:0:0:1 - - [16/Apr/2017:17:11:46 -0700] "GET /js/jquery-3.2.0.js HTTP/1.1" 200 377070 8(ms)
0:0:0:0:0:0:0:1 - - [16/Apr/2017:17:11:46 -0700] "GET /favicon.ico HTTP/1.1" 200 946 8(ms)
0:0:0:0:0:0:0:1 - - [16/Apr/2017:17:12:08 -0700] "GET /user/hello HTTP/1.1" 302 - 19(ms)
0:0:0:0:0:0:0:1 - - [16/Apr/2017:17:12:08 -0700] "GET /login.html HTTP/1.1" 200 1923 4(ms)
0:0:0:0:0:0:0:1 - - [16/Apr/2017:17:12:08 -0700] "GET /css/bootstrap.css HTTP/1.1" 200 154547 4(ms)
0:0:0:0:0:0:0:1 - - [16/Apr/2017:17:12:08 -0700] "GET /css/custom.css HTTP/1.1" 200 1205 2(ms)
0:0:0:0:0:0:0:1 - - [16/Apr/2017:17:12:08 -0700] "GET /js/jquery-3.2.0.js HTTP/1.1" 200 377070 6(ms)
0:0:0:0:0:0:0:1 - - [16/Apr/2017:17:12:08 -0700] "GET /js/bootstrap.js HTTP/1.1" 200 76511 3(ms)
0:0:0:0:0:0:0:1 - - [16/Apr/2017:17:12:08 -0700] "GET /js/custom.js HTTP/1.1" 200 1892 3(ms)
0:0:0:0:0:0:0:1 - - [16/Apr/2017:17:12:09 -0700] "GET /users HTTP/1.1" 200 12 120(ms)
0:0:0:0:0:0:0:1 - - [16/Apr/2017:17:12:34 -0700] "GET /users HTTP/1.1" 200 12 4(ms)
0:0:0:0:0:0:0:1 - - [16/Apr/2017:17:12:43 -0700] "GET /users HTTP/1.1" 200 12 4(ms)
0:0:0:0:0:0:0:1 - - [16/Apr/2017:17:13:46 -0700] "POST /user HTTP/1.1" 302 - 2(ms)
0:0:0:0:0:0:0:1 - - [16/Apr/2017:17:14:06 -0700] "POST /user HTTP/1.1" 302 - 48(ms)
0:0:0:0:0:0:0:1 - - [16/Apr/2017:17:14:20 -0700] "GET /users HTTP/1.1" 200 12 97(ms)
0:0:0:0:0:0:0:1 - - [16/Apr/2017:17:14:23 -0700] "POST /user HTTP/1.1" 302 - 3(ms)
0:0:0:0:0:0:0:1 - - [16/Apr/2017:17:15:53 -0700] "POST /user HTTP/1.1" 302 - 2(ms)
0:0:0:0:0:0:0:1 - - [16/Apr/2017:17:15:54 -0700] "POST /user HTTP/1.1" 302 - 2(ms)
0:0:0:0:0:0:0:1 - - [16/Apr/2017:17:16:04 -0700] "GET /users HTTP/1.1" 200 12 133(ms)
0:0:0:0:0:0:0:1 - - [16/Apr/2017:17:16:04 -0700] "GET /favicon.ico HTTP/1.1" 200 946 10(ms)
0:0:0:0:0:0:0:1 - - [16/Apr/2017:17:16:07 -0700] "POST /user HTTP/1.1" 302 - 7(ms)
0:0:0:0:0:0:0:1 - - [16/Apr/2017:17:16:07 -0700] "POST /user HTTP/1.1" 302 - 2(ms)
0:0:0:0:0:0:0:1 - - [16/Apr/2017:17:16:07 -0700] "POST /user HTTP/1.1" 302 - 2(ms)
0:0:0:0:0:0:0:1 - - [16/Apr/2017:17:16:08 -0700] "POST /user HTTP/1.1" 302 - 2(ms)
0:0:0:0:0:0:0:1 - - [16/Apr/2017:17:16:22 -0700] "POST /user HTTP/1.1" 302 - 2(ms)
0:0:0:0:0:0:0:1 - - [16/Apr/2017:17:17:24 -0700] "POST /user HTTP/1.1" 302 - 2(ms)
0:0:0:0:0:0:0:1 - - [16/Apr/2017:17:17:24 -0700] "POST /user HTTP/1.1" 302 - 2(ms)
0:0:0:0:0:0:0:1 - - [16/Apr/2017:17:17:24 -0700] "POST /user HTTP/1.1" 302 - 2(ms)
0:0:0:0:0:0:0:1 - - [16/Apr/2017:17:17:25 -0700] "POST /user HTTP/1.1" 302 - 2(ms)
0:0:0:0:0:0:0:1 - - [16/Apr/2017:17:17:35 -0700] "POST /user HTTP/1.1" 302 - 48(ms)
0:0:0:0:0:0:0:1 - - [16/Apr/2017:17:17:48 -0700] "GET /users HTTP/1.1" 200 12 94(ms)
0:0:0:0:0:0:0:1 - - [16/Apr/2017:17:17:53 -0700] "POST /user HTTP/1.1" 302 - 2(ms)
0:0:0:0:0:0:0:1 - - [16/Apr/2017:17:18:44 -0700] "POST /user HTTP/1.1" 302 - 51(ms)
0:0:0:0:0:0:0:1 - - [16/Apr/2017:17:19:40 -0700] "POST /user HTTP/1.1" 302 - 3(ms)
0:0:0:0:0:0:0:1 - - [16/Apr/2017:17:21:44 -0700] "GET /users HTTP/1.1" 200 12 140(ms)
0:0:0:0:0:0:0:1 - - [16/Apr/2017:17:21:57 -0700] "GET /users HTTP/1.1" 200 12 6(ms)
0:0:0:0:0:0:0:1 - - [16/Apr/2017:17:21:57 -0700] "GET /users HTTP/1.1" 200 12 5(ms)
0:0:0:0:0:0:0:1 - - [16/Apr/2017:17:22:01 -0700] "POST /user HTTP/1.1" 302 - 7(ms)
0:0:0:0:0:0:0:1 - - [16/Apr/2017:17:22:05 -0700] "POST /user HTTP/1.1" 302 - 2(ms)
0:0:0:0:0:0:0:1 - - [16/Apr/2017:17:22:05 -0700] "POST /user HTTP/1.1" 302 - 2(ms)
0:0:0:0:0:0:0:1 - - [16/Apr/2017:17:22:05 -0700] "POST /user HTTP/1.1" 302 - 2(ms)
0:0:0:0:0:0:0:1 - - [16/Apr/2017:17:22:06 -0700] "POST /user HTTP/1.1" 302 - 1(ms)
0:0:0:0:0:0:0:1 - - [16/Apr/2017:17:22:06 -0700] "POST /user HTTP/1.1" 302 - 1(ms)
0:0:0:0:0:0:0:1 - - [16/Apr/2017:17:22:06 -0700] "POST /user HTTP/1.1" 302 - 2(ms)
0:0:0:0:0:0:0:1 - - [16/Apr/2017:17:22:06 -0700] "POST /user HTTP/1.1" 302 - 2(ms)
0:0:0:0:0:0:0:1 - - [16/Apr/2017:17:22:48 -0700] "POST /user HTTP/1.1" 403 175 91(ms)
0:0:0:0:0:0:0:1 - - [16/Apr/2017:17:23:01 -0700] "POST /user HTTP/1.1" 403 193 4(ms)
0:0:0:0:0:0:0:1 - - [16/Apr/2017:17:23:04 -0700] "POST /user HTTP/1.1" 403 193 3(ms)
0:0:0:0:0:0:0:1 - - [16/Apr/2017:17:23:20 -0700] "POST /user HTTP/1.1" 400 607 121(ms)
0:0:0:0:0:0:0:1 - - [16/Apr/2017:17:23:44 -0700] "POST /user HTTP/1.1" 200 77 47(ms)
0:0:0:0:0:0:0:1 - - [16/Apr/2017:17:23:48 -0700] "POST /user HTTP/1.1" 200 77 6(ms)
0:0:0:0:0:0:0:1 - - [16/Apr/2017:17:23:50 -0700] "GET /users HTTP/1.1" 200 146 67(ms)
0:0:0:0:0:0:0:1 - - [16/Apr/2017:17:27:08 -0700] "GET /users HTTP/1.1" 200 12 133(ms)
0:0:0:0:0:0:0:1 - - [16/Apr/2017:17:27:09 -0700] "GET /users HTTP/1.1" 200 12 6(ms)
0:0:0:0:0:0:0:1 - - [16/Apr/2017:17:27:11 -0700] "POST /user HTTP/1.1" 200 136 155(ms)
0:0:0:0:0:0:0:1 - - [16/Apr/2017:17:27:13 -0700] "GET /users HTTP/1.1" 200 138 9(ms)
0:0:0:0:0:0:0:1 - - [16/Apr/2017:17:39:02 -0700] "GET /users HTTP/1.1" 200 138 5(ms)
0:0:0:0:0:0:0:1 - - [16/Apr/2017:17:39:03 -0700] "GET /users HTTP/1.1" 200 138 5(ms)
0:0:0:0:0:0:0:1 - - [16/Apr/2017:17:39:05 -0700] "POST /user HTTP/1.1" 200 136 95(ms)
0:0:0:0:0:0:0:1 - - [16/Apr/2017:17:39:09 -0700] "GET /users HTTP/1.1" 200 264 5(ms)
0:0:0:0:0:0:0:1 - - [16/Apr/2017:17:49:01 -0700] "POST /user HTTP/1.1" 200 136 242(ms)
0:0:0:0:0:0:0:1 - - [16/Apr/2017:17:49:05 -0700] "POST /user HTTP/1.1" 200 136 92(ms)
0:0:0:0:0:0:0:1 - - [16/Apr/2017:17:49:05 -0700] "POST /user HTTP/1.1" 200 136 92(ms)
0:0:0:0:0:0:0:1 - - [16/Apr/2017:17:49:06 -0700] "POST /user HTTP/1.1" 200 136 93(ms)
0:0:0:0:0:0:0:1 - - [16/Apr/2017:17:49:06 -0700] "POST /user HTTP/1.1" 200 136 91(ms)
0:0:0:0:0:0:0:1 - - [16/Apr/2017:17:49:06 -0700] "POST /user HTTP/1.1" 200 136 92(ms)
0:0:0:0:0:0:0:1 - - [16/Apr/2017:17:49:06 -0700] "POST /user HTTP/1.1" 200 136 93(ms)
0:0:0:0:0:0:0:1 - - [16/Apr/2017:17:57:29 -0700] "GET /users HTTP/1.1" 200 12 154(ms)
0:0:0:0:0:0:0:1 - - [16/Apr/2017:18:36:30 -0700] "POST /user HTTP/1.1" 200 136 161(ms)
0:0:0:0:0:0:0:1 - - [16/Apr/2017:18:36:30 -0700] "POST /user HTTP/1.1" 200 136 93(ms)
0:0:0:0:0:0:0:1 - - [16/Apr/2017:20:10:17 -0700] "POST /user HTTP/1.1" 200 136 254(ms)
0:0:0:0:0:0:0:1 - - [16/Apr/2017:20:10:17 -0700] "POST /user HTTP/1.1" 200 136 94(ms)
0:0:0:0:0:0:0:1 - - [16/Apr/2017:20:10:18 -0700] "POST /user HTTP/1.1" 200 136 98(ms)
0:0:0:0:0:0:0:1 - - [16/Apr/2017:20:10:18 -0700] "POST /user HTTP/1.1" 200 136 95(ms)
0:0:0:0:0:0:0:1 - - [16/Apr/2017:20:10:18 -0700] "POST /user HTTP/1.1" 200 136 93(ms)
0:0:0:0:0:0:0:1 - - [16/Apr/2017:20:10:19 -0700] "POST /user HTTP/1.1" 200 136 96(ms)
0:0:0:0:0:0:0:1 - - [16/Apr/2017:20:10:19 -0700] "POST /user HTTP/1.1" 200 136 95(ms)
0:0:0:0:0:0:0:1 - - [16/Apr/2017:20:10:19 -0700] "POST /user HTTP/1.1" 200 136 97(ms)
0:0:0:0:0:0:0:1 - - [16/Apr/2017:20:10:19 -0700] "POST /user HTTP/1.1" 200 136 93(ms)
0:0:0:0:0:0:0:1 - - [16/Apr/2017:20:10:19 -0700] "POST /user HTTP/1.1" 200 137 93(ms)
0:0:0:0:0:0:0:1 - - [16/Apr/2017:20:10:29 -0700] "GET /users HTTP/1.1" 200 1274 70(ms)
0:0:0:0:0:0:0:1 - - [16/Apr/2017:20:12:35 -0700] "POST /user HTTP/1.1" 200 136 288(ms)
0:0:0:0:0:0:0:1 - - [16/Apr/2017:20:12:43 -0700] "POST /user HTTP/1.1" 500 366 144(ms)
0:0:0:0:0:0:0:1 - - [16/Apr/2017:20:59:57 -0700] "GET /users HTTP/1.1" 200 138 67(ms)
0:0:0:0:0:0:0:1 - - [16/Apr/2017:22:37:14 -0700] "GET /home HTTP/1.1" 404 306 82(ms)
0:0:0:0:0:0:0:1 - - [16/Apr/2017:22:37:18 -0700] "GET /home HTTP/1.1" 404 306 32(ms)
0:0:0:0:0:0:0:1 - - [16/Apr/2017:22:37:19 -0700] "GET /favicon.ico HTTP/1.1" 200 946 10(ms)
0:0:0:0:0:0:0:1 - - [16/Apr/2017:22:37:19 -0700] "GET /home HTTP/1.1" 404 306 14(ms)
0:0:0:0:0:0:0:1 - - [16/Apr/2017:22:37:19 -0700] "GET /favicon.ico HTTP/1.1" 200 946 4(ms)
0:0:0:0:0:0:0:1 - - [16/Apr/2017:22:37:26 -0700] "GET /home.html HTTP/1.1" 200 617 4(ms)
0:0:0:0:0:0:0:1 - - [16/Apr/2017:22:37:26 -0700] "GET /css/bootstrap.css HTTP/1.1" 200 154547 6(ms)
0:0:0:0:0:0:0:1 - - [16/Apr/2017:22:37:26 -0700] "GET /js/bootstrap.js HTTP/1.1" 200 76511 4(ms)
0:0:0:0:0:0:0:1 - - [16/Apr/2017:22:37:26 -0700] "GET /js/custom.js HTTP/1.1" 200 1892 4(ms)
0:0:0:0:0:0:0:1 - - [16/Apr/2017:22:37:26 -0700] "GET /css/custom.css HTTP/1.1" 200 1205 5(ms)
0:0:0:0:0:0:0:1 - - [16/Apr/2017:22:37:29 -0700] "GET /css/custom.css HTTP/1.1" 200 1205 3(ms)
0:0:0:0:0:0:0:1 - - [16/Apr/2017:22:37:29 -0700] "GET /css/bootstrap.css HTTP/1.1" 200 154547 6(ms)
0:0:0:0:0:0:0:1 - - [16/Apr/2017:22:37:29 -0700] "GET /css/bootstrap.css.map HTTP/1.1" 404 136 30(ms)
0:0:0:0:0:0:0:1 - - [16/Apr/2017:22:37:35 -0700] "GET /home.html HTTP/1.1" 200 617 2(ms)
0:0:0:0:0:0:0:1 - - [16/Apr/2017:22:37:35 -0700] "GET /css/bootstrap.css HTTP/1.1" 200 154547 5(ms)
0:0:0:0:0:0:0:1 - - [16/Apr/2017:22:37:35 -0700] "GET /js/custom.js HTTP/1.1" 200 1892 3(ms)
0:0:0:0:0:0:0:1 - - [16/Apr/2017:22:37:35 -0700] "GET /css/custom.css HTTP/1.1" 200 1205 4(ms)
0:0:0:0:0:0:0:1 - - [16/Apr/2017:22:37:35 -0700] "GET /js/bootstrap.js HTTP/1.1" 200 76511 4(ms)
0:0:0:0:0:0:0:1 - - [16/Apr/2017:22:37:35 -0700] "GET /css/bootstrap.css.map HTTP/1.1" 404 136 5(ms)
0:0:0:0:0:0:0:1 - - [16/Apr/2017:22:37:41 -0700] "GET /home.html HTTP/1.1" 200 617 3(ms)
0:0:0:0:0:0:0:1 - - [16/Apr/2017:22:37:41 -0700] "GET /css/bootstrap.css HTTP/1.1" 200 154547 4(ms)
0:0:0:0:0:0:0:1 - - [16/Apr/2017:22:37:41 -0700] "GET /css/custom.css HTTP/1.1" 200 1205 3(ms)
0:0:0:0:0:0:0:1 - - [16/Apr/2017:22:37:41 -0700] "GET /js/custom.js HTTP/1.1" 200 1892 3(ms)
0:0:0:0:0:0:0:1 - - [16/Apr/2017:22:37:41 -0700] "GET /js/bootstrap.js HTTP/1.1" 200 76511 3(ms)
0:0:0:0:0:0:0:1 - - [16/Apr/2017:22:37:41 -0700] "GET /css/bootstrap.css.map HTTP/1.1" 404 136 4(ms)
0:0:0:0:0:0:0:1 - - [16/Apr/2017:22:37:59 -0700] "GET /home.html HTTP/1.1" 200 610 58(ms)
0:0:0:0:0:0:0:1 - - [16/Apr/2017:22:37:59 -0700] "GET /css/bootstrap.css HTTP/1.1" 200 154547 10(ms)
0:0:0:0:0:0:0:1 - - [16/Apr/2017:22:37:59 -0700] "GET /js/bootstrap.js HTTP/1.1" 200 76511 8(ms)
0:0:0:0:0:0:0:1 - - [16/Apr/2017:22:37:59 -0700] "GET /js/custom.js HTTP/1.1" 200 1892 8(ms)
0:0:0:0:0:0:0:1 - - [16/Apr/2017:22:37:59 -0700] "GET /css/custom.css HTTP/1.1" 200 1205 7(ms)
0:0:0:0:0:0:0:1 - - [16/Apr/2017:22:37:59 -0700] "GET /js/jquery-3.2.0.js HTTP/1.1" 200 377070 10(ms)
0:0:0:0:0:0:0:1 - - [16/Apr/2017:22:37:59 -0700] "GET /css/bootstrap.css.map HTTP/1.1" 404 136 45(ms)
0:0:0:0:0:0:0:1 - - [16/Apr/2017:22:38:00 -0700] "GET /home.html HTTP/1.1" 200 610 4(ms)
0:0:0:0:0:0:0:1 - - [16/Apr/2017:22:38:00 -0700] "GET /css/bootstrap.css HTTP/1.1" 200 154547 5(ms)
0:0:0:0:0:0:0:1 - - [16/Apr/2017:22:38:00 -0700] "GET /js/bootstrap.js HTTP/1.1" 200 76511 3(ms)
0:0:0:0:0:0:0:1 - - [16/Apr/2017:22:38:00 -0700] "GET /js/custom.js HTTP/1.1" 200 1892 4(ms)
0:0:0:0:0:0:0:1 - - [16/Apr/2017:22:38:00 -0700] "GET /js/jquery-3.2.0.js HTTP/1.1" 200 377070 7(ms)
0:0:0:0:0:0:0:1 - - [16/Apr/2017:22:38:00 -0700] "GET /css/custom.css HTTP/1.1" 200 1205 8(ms)
0:0:0:0:0:0:0:1 - - [16/Apr/2017:22:38:00 -0700] "GET /css/bootstrap.css.map HTTP/1.1" 404 136 5(ms)
